<?xml version="1.0" encoding="UTF-8"?>
<testng-results ignored="0" total="2" passed="2" failed="0" skipped="0">
  <reporter-output>
  </reporter-output>
  <suite started-at="2019-01-09T10:10:40Z" name="Suite" finished-at="2019-01-09T10:11:10Z" duration-ms="29714">
    <groups>
    </groups>
    <test started-at="2019-01-09T10:10:40Z" name="Test" finished-at="2019-01-09T10:11:10Z" duration-ms="29714">
      <class name="test123Deeoa.tets">
        <test-method signature="testd()[pri:0, instance:test123Deeoa.tets@741a8937]" started-at="2019-01-09T10:10:40Z" name="testd" finished-at="2019-01-09T10:10:55Z" duration-ms="15263" status="PASS">
          <reporter-output>
          </reporter-output>
        </test-method> <!-- testd -->
        <test-method signature="testd()[pri:0, instance:test123Deeoa.tets@741a8937]" started-at="2019-01-09T10:10:55Z" name="testd" finished-at="2019-01-09T10:11:10Z" duration-ms="14420" status="PASS">
          <reporter-output>
          </reporter-output>
        </test-method> <!-- testd -->
      </class> <!-- test123Deeoa.tets -->
    </test> <!-- Test -->
  </suite> <!-- Suite -->
</testng-results>
